0 info it worked if it ends with ok
1 verbose cli [ '/usr/local/bin/node',
1 verbose cli   '/usr/local/bin/npm',
1 verbose cli   'update',
1 verbose cli   '-g',
1 verbose cli   'bower' ]
2 info using npm@2.5.1
3 info using node@v0.12.0
4 silly mapToRegistry name bower
5 silly mapToRegistry using default registry
6 silly mapToRegistry registry https://registry.npmjs.org/
7 silly mapToRegistry uri https://registry.npmjs.org/bower
8 verbose request uri https://registry.npmjs.org/bower
9 verbose request no auth needed
10 info attempt registry request try #1 at 1:31:22 AM
11 verbose request id 0c1eed31b274e575
12 verbose etag "CCEXGQZOPHJHI9CSBZBVVMTXV"
13 http request GET https://registry.npmjs.org/bower
14 http 304 https://registry.npmjs.org/bower
15 silly get cb [ 304,
15 silly get   { date: 'Sat, 19 Sep 2015 08:31:23 GMT',
15 silly get     via: '1.1 varnish',
15 silly get     'cache-control': 'max-age=60',
15 silly get     etag: '"CCEXGQZOPHJHI9CSBZBVVMTXV"',
15 silly get     age: '46',
15 silly get     connection: 'keep-alive',
15 silly get     'x-served-by': 'cache-sjc3124-SJC',
15 silly get     'x-cache': 'HIT',
15 silly get     'x-cache-hits': '2',
15 silly get     'x-timer': 'S1442651483.919278,VS0,VE0',
15 silly get     vary: 'Accept' } ]
16 verbose etag https://registry.npmjs.org/bower from cache
17 verbose get saving bower to /Users/markhellar/.npm/registry.npmjs.org/bower/.cache.json
18 info outdated updating [ [ '/usr/local/lib', 'bower', '1.3.12', '1.5.2', '1.5.2', 'latest' ] ]
19 verbose stack Error: Failed to parse json
19 verbose stack Unexpected end of input
19 verbose stack     at parseError (/usr/local/lib/node_modules/npm/node_modules/read-package-json/read-json.js:378:25)
19 verbose stack     at parseJson (/usr/local/lib/node_modules/npm/node_modules/read-package-json/read-json.js:85:51)
19 verbose stack     at /usr/local/lib/node_modules/npm/node_modules/read-package-json/read-json.js:59:33
19 verbose stack     at evalmachine.<anonymous>:336:14
19 verbose stack     at /usr/local/lib/node_modules/npm/node_modules/read-package-json/node_modules/graceful-fs/graceful-fs.js:102:5
19 verbose stack     at FSReqWrap.oncomplete (evalmachine.<anonymous>:99:15)
20 verbose cwd /Users/markhellar/Desktop/talk
21 error Darwin 14.5.0
22 error argv "/usr/local/bin/node" "/usr/local/bin/npm" "update" "-g" "bower"
23 error node v0.12.0
24 error npm  v2.5.1
25 error file /usr/local/lib/node_modules/webgl-workshop/node_modules/browserify/node_modules/duplexer2/package.json
26 error code EJSONPARSE
27 error Failed to parse json
27 error Unexpected end of input
28 error File: /usr/local/lib/node_modules/webgl-workshop/node_modules/browserify/node_modules/duplexer2/package.json
29 error Failed to parse package.json data.
29 error package.json must be actual JSON, not just JavaScript.
29 error
29 error This is not a bug in npm.
29 error Tell the package author to fix their package.json file. JSON.parse
30 verbose exit [ 1, true ]
